GROUP,PACKAGE,CLASS,INSTRUCTION_MISSED,INSTRUCTION_COVERED,BRANCH_MISSED,BRANCH_COVERED,LINE_MISSED,LINE_COVERED,COMPLEXITY_MISSED,COMPLEXITY_COVERED,METHOD_MISSED,METHOD_COVERED
Parcial,eci.edu.cvds.Parcial.controller,StockController,3,0,0,0,1,0,1,0,1,0
Parcial,eci.edu.cvds.Parcial,ParcialApplication,5,3,0,0,2,1,1,1,1,1
Parcial,eci.edu.cvds.Parcial.model,AgentWarning,12,14,1,1,3,4,1,2,0,2
Parcial,eci.edu.cvds.Parcial.model,Agentlog,0,23,0,0,0,6,0,2,0,2
Parcial,eci.edu.cvds.Parcial.model,Product,12,31,0,0,6,12,3,6,3,6
Parcial,eci.edu.cvds.Parcial.service,ServiecAgent,25,118,9,13,8,33,11,8,2,6
